-------------------------------------------------------------------------------
Test set: com.ncs.empconsole.EmployeeConsoleProApplicationTests
-------------------------------------------------------------------------------
Tests run: 1, Failures: 0, Errors: 1, Skipped: 0, Time elapsed: 9.05 s <<< FAILURE! - in com.ncs.empconsole.EmployeeConsoleProApplicationTests
contextLoads  Time elapsed: 0.024 s  <<< ERROR!
java.lang.IllegalStateException: Failed to load ApplicationContext
Caused by: org.springframework.beans.factory.BeanCreationException: Error creating bean with name 'entityManagerFactory' defined in class path resource [org/springframework/boot/autoconfigure/orm/jpa/HibernateJpaConfiguration.class]: Invocation of init method failed; nested exception is org.hibernate.AnnotationException: @OneToOne or @ManyToOne on com.ncs.empconsole.model.Employee.department references an unknown entity: int
Caused by: org.hibernate.AnnotationException: @OneToOne or @ManyToOne on com.ncs.empconsole.model.Employee.department references an unknown entity: int

